the modelViT(
  (patch_embedding): Linear(in_features=768, out_features=512, bias=True)
  (dropout): Dropout(p=0.1, inplace=False)
  (transformer): Sequential(
    (0): tranformer_layer(
      (QKV): Linear(in_features=512, out_features=1536, bias=False)
      (fc): Linear(in_features=512, out_features=512, bias=False)
      (mlp): Sequential(
        (0): Linear(in_features=512, out_features=2048, bias=True)
        (1): GELU()
        (2): Dropout(p=0.0, inplace=False)
        (3): Linear(in_features=2048, out_features=512, bias=True)
      )
      (norm1): LayerNorm((512,), eps=1e-05, elementwise_affine=False)
      (norm2): LayerNorm((512,), eps=1e-05, elementwise_affine=False)
      (dropout1): Dropout(p=0.0, inplace=False)
      (dropout2): Dropout(p=0.0, inplace=False)
    )
    (1): tranformer_layer(
      (QKV): Linear(in_features=512, out_features=1536, bias=False)
      (fc): Linear(in_features=512, out_features=512, bias=False)
      (mlp): Sequential(
        (0): Linear(in_features=512, out_features=2048, bias=True)
        (1): GELU()
        (2): Dropout(p=0.0, inplace=False)
        (3): Linear(in_features=2048, out_features=512, bias=True)
      )
      (norm1): LayerNorm((512,), eps=1e-05, elementwise_affine=False)
      (norm2): LayerNorm((512,), eps=1e-05, elementwise_affine=False)
      (dropout1): Dropout(p=0.0, inplace=False)
      (dropout2): Dropout(p=0.0, inplace=False)
    )
    (2): tranformer_layer(
      (QKV): Linear(in_features=512, out_features=1536, bias=False)
      (fc): Linear(in_features=512, out_features=512, bias=False)
      (mlp): Sequential(
        (0): Linear(in_features=512, out_features=2048, bias=True)
        (1): GELU()
        (2): Dropout(p=0.0, inplace=False)
        (3): Linear(in_features=2048, out_features=512, bias=True)
      )
      (norm1): LayerNorm((512,), eps=1e-05, elementwise_affine=False)
      (norm2): LayerNorm((512,), eps=1e-05, elementwise_affine=False)
      (dropout1): Dropout(p=0.0, inplace=False)
      (dropout2): Dropout(p=0.0, inplace=False)
    )
    (3): tranformer_layer(
      (QKV): Linear(in_features=512, out_features=1536, bias=False)
      (fc): Linear(in_features=512, out_features=512, bias=False)
      (mlp): Sequential(
        (0): Linear(in_features=512, out_features=2048, bias=True)
        (1): GELU()
        (2): Dropout(p=0.0, inplace=False)
        (3): Linear(in_features=2048, out_features=512, bias=True)
      )
      (norm1): LayerNorm((512,), eps=1e-05, elementwise_affine=False)
      (norm2): LayerNorm((512,), eps=1e-05, elementwise_affine=False)
      (dropout1): Dropout(p=0.0, inplace=False)
      (dropout2): Dropout(p=0.0, inplace=False)
    )
    (4): tranformer_layer(
      (QKV): Linear(in_features=512, out_features=1536, bias=False)
      (fc): Linear(in_features=512, out_features=512, bias=False)
      (mlp): Sequential(
        (0): Linear(in_features=512, out_features=2048, bias=True)
        (1): GELU()
        (2): Dropout(p=0.0, inplace=False)
        (3): Linear(in_features=2048, out_features=512, bias=True)
      )
      (norm1): LayerNorm((512,), eps=1e-05, elementwise_affine=False)
      (norm2): LayerNorm((512,), eps=1e-05, elementwise_affine=False)
      (dropout1): Dropout(p=0.0, inplace=False)
      (dropout2): Dropout(p=0.0, inplace=False)
    )
    (5): tranformer_layer(
      (QKV): Linear(in_features=512, out_features=1536, bias=False)
      (fc): Linear(in_features=512, out_features=512, bias=False)
      (mlp): Sequential(
        (0): Linear(in_features=512, out_features=2048, bias=True)
        (1): GELU()
        (2): Dropout(p=0.0, inplace=False)
        (3): Linear(in_features=2048, out_features=512, bias=True)
      )
      (norm1): LayerNorm((512,), eps=1e-05, elementwise_affine=False)
      (norm2): LayerNorm((512,), eps=1e-05, elementwise_affine=False)
      (dropout1): Dropout(p=0.0, inplace=False)
      (dropout2): Dropout(p=0.0, inplace=False)
    )
  )
  (LN): LayerNorm((512,), eps=1e-05, elementwise_affine=True)
  (to_cls_token): Identity()
  (fc): Linear(in_features=512, out_features=10, bias=True)
)
the transformerSequential(
  (0): tranformer_layer(
    (QKV): Linear(in_features=512, out_features=1536, bias=False)
    (fc): Linear(in_features=512, out_features=512, bias=False)
    (mlp): Sequential(
      (0): Linear(in_features=512, out_features=2048, bias=True)
      (1): GELU()
      (2): Dropout(p=0.0, inplace=False)
      (3): Linear(in_features=2048, out_features=512, bias=True)
    )
    (norm1): LayerNorm((512,), eps=1e-05, elementwise_affine=False)
    (norm2): LayerNorm((512,), eps=1e-05, elementwise_affine=False)
    (dropout1): Dropout(p=0.0, inplace=False)
    (dropout2): Dropout(p=0.0, inplace=False)
  )
  (1): tranformer_layer(
    (QKV): Linear(in_features=512, out_features=1536, bias=False)
    (fc): Linear(in_features=512, out_features=512, bias=False)
    (mlp): Sequential(
      (0): Linear(in_features=512, out_features=2048, bias=True)
      (1): GELU()
      (2): Dropout(p=0.0, inplace=False)
      (3): Linear(in_features=2048, out_features=512, bias=True)
    )
    (norm1): LayerNorm((512,), eps=1e-05, elementwise_affine=False)
    (norm2): LayerNorm((512,), eps=1e-05, elementwise_affine=False)
    (dropout1): Dropout(p=0.0, inplace=False)
    (dropout2): Dropout(p=0.0, inplace=False)
  )
  (2): tranformer_layer(
    (QKV): Linear(in_features=512, out_features=1536, bias=False)
    (fc): Linear(in_features=512, out_features=512, bias=False)
    (mlp): Sequential(
      (0): Linear(in_features=512, out_features=2048, bias=True)
      (1): GELU()
      (2): Dropout(p=0.0, inplace=False)
      (3): Linear(in_features=2048, out_features=512, bias=True)
    )
    (norm1): LayerNorm((512,), eps=1e-05, elementwise_affine=False)
    (norm2): LayerNorm((512,), eps=1e-05, elementwise_affine=False)
    (dropout1): Dropout(p=0.0, inplace=False)
    (dropout2): Dropout(p=0.0, inplace=False)
  )
  (3): tranformer_layer(
    (QKV): Linear(in_features=512, out_features=1536, bias=False)
    (fc): Linear(in_features=512, out_features=512, bias=False)
    (mlp): Sequential(
      (0): Linear(in_features=512, out_features=2048, bias=True)
      (1): GELU()
      (2): Dropout(p=0.0, inplace=False)
      (3): Linear(in_features=2048, out_features=512, bias=True)
    )
    (norm1): LayerNorm((512,), eps=1e-05, elementwise_affine=False)
    (norm2): LayerNorm((512,), eps=1e-05, elementwise_affine=False)
    (dropout1): Dropout(p=0.0, inplace=False)
    (dropout2): Dropout(p=0.0, inplace=False)
  )
  (4): tranformer_layer(
    (QKV): Linear(in_features=512, out_features=1536, bias=False)
    (fc): Linear(in_features=512, out_features=512, bias=False)
    (mlp): Sequential(
      (0): Linear(in_features=512, out_features=2048, bias=True)
      (1): GELU()
      (2): Dropout(p=0.0, inplace=False)
      (3): Linear(in_features=2048, out_features=512, bias=True)
    )
    (norm1): LayerNorm((512,), eps=1e-05, elementwise_affine=False)
    (norm2): LayerNorm((512,), eps=1e-05, elementwise_affine=False)
    (dropout1): Dropout(p=0.0, inplace=False)
    (dropout2): Dropout(p=0.0, inplace=False)
  )
  (5): tranformer_layer(
    (QKV): Linear(in_features=512, out_features=1536, bias=False)
    (fc): Linear(in_features=512, out_features=512, bias=False)
    (mlp): Sequential(
      (0): Linear(in_features=512, out_features=2048, bias=True)
      (1): GELU()
      (2): Dropout(p=0.0, inplace=False)
      (3): Linear(in_features=2048, out_features=512, bias=True)
    )
    (norm1): LayerNorm((512,), eps=1e-05, elementwise_affine=False)
    (norm2): LayerNorm((512,), eps=1e-05, elementwise_affine=False)
    (dropout1): Dropout(p=0.0, inplace=False)
    (dropout2): Dropout(p=0.0, inplace=False)
  )
)
Adam (
Parameter Group 0
    amsgrad: False
    betas: (0.9, 0.999)
    eps: 1e-08
    lr: 0.0001
    weight_decay: 0
)
Epoch 0: train loss 1.8861353008891828, val loss 1.6294909060001372, val accuracy 41.44, train acc 29.1375
Epoch 1: train loss 1.503156762534437, val loss 1.3884813398122788, val accuracy 49.61, train acc 45.2225
Epoch 2: train loss 1.3246984786499802, val loss 1.2714535236358642, val accuracy 54.01, train acc 52.3
Epoch 3: train loss 1.224275365043372, val loss 1.195647194981575, val accuracy 57.18, train acc 56.1175
Epoch 4: train loss 1.1528408097002072, val loss 1.15298852622509, val accuracy 58.59, train acc 58.64
Epoch 5: train loss 1.0968476964261966, val loss 1.0910908862948419, val accuracy 61.1, train acc 60.8625
Epoch 6: train loss 1.0526036064083966, val loss 1.058343341946602, val accuracy 62.74, train acc 62.3475
Epoch 7: train loss 1.0094400082533352, val loss 1.016901658475399, val accuracy 64.33, train acc 64.045
Epoch 8: train loss 0.9661479552332967, val loss 1.0164475083351134, val accuracy 63.88, train acc 65.47
Epoch 9: train loss 0.9422205951267157, val loss 1.0018235012888907, val accuracy 64.53, train acc 66.455
Epoch 10: train loss 0.8989985023443692, val loss 0.9552872195839882, val accuracy 66.3, train acc 68.125
Epoch 11: train loss 0.8670973345494499, val loss 0.96403888463974, val accuracy 66.92, train acc 69.2175
Epoch 12: train loss 0.8398607735054943, val loss 0.9091372802853585, val accuracy 68.5, train acc 70.1425
Epoch 13: train loss 0.8127689460595957, val loss 0.9116414681077003, val accuracy 67.56, train acc 71.305
Epoch 14: train loss 0.7888029619527701, val loss 0.9056428208947181, val accuracy 68.48, train acc 72.0
Epoch 15: train loss 0.7598349213981019, val loss 0.8657220244407654, val accuracy 69.89, train acc 73.1975
Epoch 16: train loss 0.7375171752021716, val loss 0.8654558897018433, val accuracy 70.14, train acc 73.7225
Epoch 17: train loss 0.7114565141094379, val loss 0.8885428160429001, val accuracy 69.57, train acc 74.715
Epoch 18: train loss 0.6859893797875974, val loss 0.852864247560501, val accuracy 70.48, train acc 75.4525
Epoch 19: train loss 0.6617458432246321, val loss 0.8408857733011246, val accuracy 71.4, train acc 76.4625
Epoch 20: train loss 0.6381441866056606, val loss 0.8359202593564987, val accuracy 71.82, train acc 77.2075
Epoch 21: train loss 0.6141301072634067, val loss 0.8640696600079536, val accuracy 71.26, train acc 77.9725
Epoch 22: train loss 0.5892943891283041, val loss 0.8344572842121124, val accuracy 72.48, train acc 78.84
Epoch 23: train loss 0.5643895544564, val loss 0.8433691293001175, val accuracy 72.68, train acc 79.8425
Epoch 24: train loss 0.5372321687567349, val loss 0.8568188324570656, val accuracy 72.22, train acc 80.815
Epoch 25: train loss 0.5178312063217163, val loss 0.8509948655962944, val accuracy 72.2, train acc 81.5025
Epoch 26: train loss 0.49414406797756405, val loss 0.8341525986790657, val accuracy 72.57, train acc 82.1825
Epoch 27: train loss 0.47294493966970963, val loss 0.8427734136581421, val accuracy 72.97, train acc 83.1025
Epoch 28: train loss 0.4441573397991375, val loss 0.8680737793445588, val accuracy 72.71, train acc 84.0525
Epoch 29: train loss 0.42488070694021524, val loss 0.8486090928316117, val accuracy 73.18, train acc 84.6925
Epoch 30: train loss 0.4081708003347293, val loss 0.8687362819910049, val accuracy 73.15, train acc 85.2775
Epoch 31: train loss 0.38389144785487994, val loss 0.8615893289446831, val accuracy 74.2, train acc 86.105
Epoch 32: train loss 0.36395828754376297, val loss 0.8501842305064201, val accuracy 74.36, train acc 86.825
Epoch 33: train loss 0.34825735213086245, val loss 0.8961942449212075, val accuracy 73.09, train acc 87.4375
Epoch 34: train loss 0.3315339168420615, val loss 0.8988539963960648, val accuracy 73.83, train acc 88.02
Epoch 35: train loss 0.3067379657643291, val loss 0.9408144131302834, val accuracy 73.36, train acc 88.835
Epoch 36: train loss 0.2914293327937111, val loss 0.9406840905547142, val accuracy 73.97, train acc 89.55
Epoch 37: train loss 0.27746157338634464, val loss 0.9593603208661079, val accuracy 73.41, train acc 90.0925
Epoch 38: train loss 0.261954675514858, val loss 0.9468037948012352, val accuracy 74.48, train acc 90.6725
Epoch 39: train loss 0.24838518246579855, val loss 0.958257582783699, val accuracy 74.04, train acc 91.115
Epoch 40: train loss 0.22942657456896937, val loss 0.966170397400856, val accuracy 74.09, train acc 91.725
Epoch 41: train loss 0.22321379218048182, val loss 1.0026289641857147, val accuracy 74.44, train acc 91.985
Epoch 42: train loss 0.2039419574240526, val loss 1.053857173025608, val accuracy 74.32, train acc 92.6
Epoch 43: train loss 0.18742414951895753, val loss 1.0506702810525894, val accuracy 74.22, train acc 93.3175
Epoch 44: train loss 0.1871601336727889, val loss 1.0320348933339119, val accuracy 74.21, train acc 93.2775
Epoch 45: train loss 0.17793093424159498, val loss 1.0600560069084168, val accuracy 74.32, train acc 93.72
Epoch 46: train loss 0.16339466924341722, val loss 1.0583576068282128, val accuracy 73.86, train acc 94.1675
Epoch 47: train loss 0.1648624348350036, val loss 1.0557779386639594, val accuracy 74.87, train acc 94.085
Epoch 48: train loss 0.14577267003564026, val loss 1.1389480039477349, val accuracy 74.2, train acc 94.81
Epoch 49: train loss 0.15063270298055947, val loss 1.1254965171217919, val accuracy 74.23, train acc 94.6925
