the modelViT(
  (patch_embedding): Linear(in_features=192, out_features=256, bias=True)
  (dropout): Dropout(p=0.1, inplace=False)
  (transformer): AttentionLayers(
    (layers): ModuleList(
      (0): ModuleList(
        (0): ModuleList(
          (0): LayerNorm(
            (ln): LayerNorm((256,), eps=1e-05, elementwise_affine=False)
          )
          (1): None
          (2): None
        )
        (1): Attention(
          (to_q): Linear(in_features=256, out_features=512, bias=False)
          (to_k): Linear(in_features=256, out_features=512, bias=False)
          (to_v): Linear(in_features=256, out_features=512, bias=False)
          (attend): Attend(
            (attn_dropout): Dropout(p=0.1, inplace=False)
          )
          (to_out): Linear(in_features=512, out_features=256, bias=False)
        )
        (2): Residual()
      )
      (1): ModuleList(
        (0): ModuleList(
          (0): LayerNorm(
            (ln): LayerNorm((256,), eps=1e-05, elementwise_affine=False)
          )
          (1): None
          (2): None
        )
        (1): FeedForward(
          (ff): Sequential(
            (0): Sequential(
              (0): Linear(in_features=256, out_features=1024, bias=True)
              (1): MyGELU()
            )
            (1): Dropout(p=0.0, inplace=False)
            (2): Linear(in_features=1024, out_features=256, bias=True)
          )
        )
        (2): Residual()
      )
      (2): ModuleList(
        (0): ModuleList(
          (0): LayerNorm(
            (ln): LayerNorm((256,), eps=1e-05, elementwise_affine=False)
          )
          (1): None
          (2): None
        )
        (1): Attention(
          (to_q): Linear(in_features=256, out_features=512, bias=False)
          (to_k): Linear(in_features=256, out_features=512, bias=False)
          (to_v): Linear(in_features=256, out_features=512, bias=False)
          (attend): Attend(
            (attn_dropout): Dropout(p=0.1, inplace=False)
          )
          (to_out): Linear(in_features=512, out_features=256, bias=False)
        )
        (2): Residual()
      )
      (3): ModuleList(
        (0): ModuleList(
          (0): LayerNorm(
            (ln): LayerNorm((256,), eps=1e-05, elementwise_affine=False)
          )
          (1): None
          (2): None
        )
        (1): FeedForward(
          (ff): Sequential(
            (0): Sequential(
              (0): Linear(in_features=256, out_features=1024, bias=True)
              (1): MyGELU()
            )
            (1): Dropout(p=0.0, inplace=False)
            (2): Linear(in_features=1024, out_features=256, bias=True)
          )
        )
        (2): Residual()
      )
      (4): ModuleList(
        (0): ModuleList(
          (0): LayerNorm(
            (ln): LayerNorm((256,), eps=1e-05, elementwise_affine=False)
          )
          (1): None
          (2): None
        )
        (1): Attention(
          (to_q): Linear(in_features=256, out_features=512, bias=False)
          (to_k): Linear(in_features=256, out_features=512, bias=False)
          (to_v): Linear(in_features=256, out_features=512, bias=False)
          (attend): Attend(
            (attn_dropout): Dropout(p=0.1, inplace=False)
          )
          (to_out): Linear(in_features=512, out_features=256, bias=False)
        )
        (2): Residual()
      )
      (5): ModuleList(
        (0): ModuleList(
          (0): LayerNorm(
            (ln): LayerNorm((256,), eps=1e-05, elementwise_affine=False)
          )
          (1): None
          (2): None
        )
        (1): FeedForward(
          (ff): Sequential(
            (0): Sequential(
              (0): Linear(in_features=256, out_features=1024, bias=True)
              (1): MyGELU()
            )
            (1): Dropout(p=0.0, inplace=False)
            (2): Linear(in_features=1024, out_features=256, bias=True)
          )
        )
        (2): Residual()
      )
      (6): ModuleList(
        (0): ModuleList(
          (0): LayerNorm(
            (ln): LayerNorm((256,), eps=1e-05, elementwise_affine=False)
          )
          (1): None
          (2): None
        )
        (1): Attention(
          (to_q): Linear(in_features=256, out_features=512, bias=False)
          (to_k): Linear(in_features=256, out_features=512, bias=False)
          (to_v): Linear(in_features=256, out_features=512, bias=False)
          (attend): Attend(
            (attn_dropout): Dropout(p=0.1, inplace=False)
          )
          (to_out): Linear(in_features=512, out_features=256, bias=False)
        )
        (2): Residual()
      )
      (7): ModuleList(
        (0): ModuleList(
          (0): LayerNorm(
            (ln): LayerNorm((256,), eps=1e-05, elementwise_affine=False)
          )
          (1): None
          (2): None
        )
        (1): FeedForward(
          (ff): Sequential(
            (0): Sequential(
              (0): Linear(in_features=256, out_features=1024, bias=True)
              (1): MyGELU()
            )
            (1): Dropout(p=0.0, inplace=False)
            (2): Linear(in_features=1024, out_features=256, bias=True)
          )
        )
        (2): Residual()
      )
      (8): ModuleList(
        (0): ModuleList(
          (0): LayerNorm(
            (ln): LayerNorm((256,), eps=1e-05, elementwise_affine=False)
          )
          (1): None
          (2): None
        )
        (1): Attention(
          (to_q): Linear(in_features=256, out_features=512, bias=False)
          (to_k): Linear(in_features=256, out_features=512, bias=False)
          (to_v): Linear(in_features=256, out_features=512, bias=False)
          (attend): Attend(
            (attn_dropout): Dropout(p=0.1, inplace=False)
          )
          (to_out): Linear(in_features=512, out_features=256, bias=False)
        )
        (2): Residual()
      )
      (9): ModuleList(
        (0): ModuleList(
          (0): LayerNorm(
            (ln): LayerNorm((256,), eps=1e-05, elementwise_affine=False)
          )
          (1): None
          (2): None
        )
        (1): FeedForward(
          (ff): Sequential(
            (0): Sequential(
              (0): Linear(in_features=256, out_features=1024, bias=True)
              (1): MyGELU()
            )
            (1): Dropout(p=0.0, inplace=False)
            (2): Linear(in_features=1024, out_features=256, bias=True)
          )
        )
        (2): Residual()
      )
      (10): ModuleList(
        (0): ModuleList(
          (0): LayerNorm(
            (ln): LayerNorm((256,), eps=1e-05, elementwise_affine=False)
          )
          (1): None
          (2): None
        )
        (1): Attention(
          (to_q): Linear(in_features=256, out_features=512, bias=False)
          (to_k): Linear(in_features=256, out_features=512, bias=False)
          (to_v): Linear(in_features=256, out_features=512, bias=False)
          (attend): Attend(
            (attn_dropout): Dropout(p=0.1, inplace=False)
          )
          (to_out): Linear(in_features=512, out_features=256, bias=False)
        )
        (2): Residual()
      )
      (11): ModuleList(
        (0): ModuleList(
          (0): LayerNorm(
            (ln): LayerNorm((256,), eps=1e-05, elementwise_affine=False)
          )
          (1): None
          (2): None
        )
        (1): FeedForward(
          (ff): Sequential(
            (0): Sequential(
              (0): Linear(in_features=256, out_features=1024, bias=True)
              (1): MyGELU()
            )
            (1): Dropout(p=0.0, inplace=False)
            (2): Linear(in_features=1024, out_features=256, bias=True)
          )
        )
        (2): Residual()
      )
    )
    (adaptive_mlp): Identity()
    (final_norm): LayerNorm(
      (ln): LayerNorm((256,), eps=1e-05, elementwise_affine=False)
    )
    (skip_combines): ModuleList(
      (0): None
      (1): None
      (2): None
      (3): None
      (4): None
      (5): None
      (6): None
      (7): None
      (8): None
      (9): None
      (10): None
      (11): None
    )
  )
  (LN): LayerNorm((256,), eps=1e-05, elementwise_affine=True)
  (to_cls_token): Identity()
  (fc): Linear(in_features=256, out_features=10, bias=True)
)
the transformerAttentionLayers(
  (layers): ModuleList(
    (0): ModuleList(
      (0): ModuleList(
        (0): LayerNorm(
          (ln): LayerNorm((256,), eps=1e-05, elementwise_affine=False)
        )
        (1): None
        (2): None
      )
      (1): Attention(
        (to_q): Linear(in_features=256, out_features=512, bias=False)
        (to_k): Linear(in_features=256, out_features=512, bias=False)
        (to_v): Linear(in_features=256, out_features=512, bias=False)
        (attend): Attend(
          (attn_dropout): Dropout(p=0.1, inplace=False)
        )
        (to_out): Linear(in_features=512, out_features=256, bias=False)
      )
      (2): Residual()
    )
    (1): ModuleList(
      (0): ModuleList(
        (0): LayerNorm(
          (ln): LayerNorm((256,), eps=1e-05, elementwise_affine=False)
        )
        (1): None
        (2): None
      )
      (1): FeedForward(
        (ff): Sequential(
          (0): Sequential(
            (0): Linear(in_features=256, out_features=1024, bias=True)
            (1): MyGELU()
          )
          (1): Dropout(p=0.0, inplace=False)
          (2): Linear(in_features=1024, out_features=256, bias=True)
        )
      )
      (2): Residual()
    )
    (2): ModuleList(
      (0): ModuleList(
        (0): LayerNorm(
          (ln): LayerNorm((256,), eps=1e-05, elementwise_affine=False)
        )
        (1): None
        (2): None
      )
      (1): Attention(
        (to_q): Linear(in_features=256, out_features=512, bias=False)
        (to_k): Linear(in_features=256, out_features=512, bias=False)
        (to_v): Linear(in_features=256, out_features=512, bias=False)
        (attend): Attend(
          (attn_dropout): Dropout(p=0.1, inplace=False)
        )
        (to_out): Linear(in_features=512, out_features=256, bias=False)
      )
      (2): Residual()
    )
    (3): ModuleList(
      (0): ModuleList(
        (0): LayerNorm(
          (ln): LayerNorm((256,), eps=1e-05, elementwise_affine=False)
        )
        (1): None
        (2): None
      )
      (1): FeedForward(
        (ff): Sequential(
          (0): Sequential(
            (0): Linear(in_features=256, out_features=1024, bias=True)
            (1): MyGELU()
          )
          (1): Dropout(p=0.0, inplace=False)
          (2): Linear(in_features=1024, out_features=256, bias=True)
        )
      )
      (2): Residual()
    )
    (4): ModuleList(
      (0): ModuleList(
        (0): LayerNorm(
          (ln): LayerNorm((256,), eps=1e-05, elementwise_affine=False)
        )
        (1): None
        (2): None
      )
      (1): Attention(
        (to_q): Linear(in_features=256, out_features=512, bias=False)
        (to_k): Linear(in_features=256, out_features=512, bias=False)
        (to_v): Linear(in_features=256, out_features=512, bias=False)
        (attend): Attend(
          (attn_dropout): Dropout(p=0.1, inplace=False)
        )
        (to_out): Linear(in_features=512, out_features=256, bias=False)
      )
      (2): Residual()
    )
    (5): ModuleList(
      (0): ModuleList(
        (0): LayerNorm(
          (ln): LayerNorm((256,), eps=1e-05, elementwise_affine=False)
        )
        (1): None
        (2): None
      )
      (1): FeedForward(
        (ff): Sequential(
          (0): Sequential(
            (0): Linear(in_features=256, out_features=1024, bias=True)
            (1): MyGELU()
          )
          (1): Dropout(p=0.0, inplace=False)
          (2): Linear(in_features=1024, out_features=256, bias=True)
        )
      )
      (2): Residual()
    )
    (6): ModuleList(
      (0): ModuleList(
        (0): LayerNorm(
          (ln): LayerNorm((256,), eps=1e-05, elementwise_affine=False)
        )
        (1): None
        (2): None
      )
      (1): Attention(
        (to_q): Linear(in_features=256, out_features=512, bias=False)
        (to_k): Linear(in_features=256, out_features=512, bias=False)
        (to_v): Linear(in_features=256, out_features=512, bias=False)
        (attend): Attend(
          (attn_dropout): Dropout(p=0.1, inplace=False)
        )
        (to_out): Linear(in_features=512, out_features=256, bias=False)
      )
      (2): Residual()
    )
    (7): ModuleList(
      (0): ModuleList(
        (0): LayerNorm(
          (ln): LayerNorm((256,), eps=1e-05, elementwise_affine=False)
        )
        (1): None
        (2): None
      )
      (1): FeedForward(
        (ff): Sequential(
          (0): Sequential(
            (0): Linear(in_features=256, out_features=1024, bias=True)
            (1): MyGELU()
          )
          (1): Dropout(p=0.0, inplace=False)
          (2): Linear(in_features=1024, out_features=256, bias=True)
        )
      )
      (2): Residual()
    )
    (8): ModuleList(
      (0): ModuleList(
        (0): LayerNorm(
          (ln): LayerNorm((256,), eps=1e-05, elementwise_affine=False)
        )
        (1): None
        (2): None
      )
      (1): Attention(
        (to_q): Linear(in_features=256, out_features=512, bias=False)
        (to_k): Linear(in_features=256, out_features=512, bias=False)
        (to_v): Linear(in_features=256, out_features=512, bias=False)
        (attend): Attend(
          (attn_dropout): Dropout(p=0.1, inplace=False)
        )
        (to_out): Linear(in_features=512, out_features=256, bias=False)
      )
      (2): Residual()
    )
    (9): ModuleList(
      (0): ModuleList(
        (0): LayerNorm(
          (ln): LayerNorm((256,), eps=1e-05, elementwise_affine=False)
        )
        (1): None
        (2): None
      )
      (1): FeedForward(
        (ff): Sequential(
          (0): Sequential(
            (0): Linear(in_features=256, out_features=1024, bias=True)
            (1): MyGELU()
          )
          (1): Dropout(p=0.0, inplace=False)
          (2): Linear(in_features=1024, out_features=256, bias=True)
        )
      )
      (2): Residual()
    )
    (10): ModuleList(
      (0): ModuleList(
        (0): LayerNorm(
          (ln): LayerNorm((256,), eps=1e-05, elementwise_affine=False)
        )
        (1): None
        (2): None
      )
      (1): Attention(
        (to_q): Linear(in_features=256, out_features=512, bias=False)
        (to_k): Linear(in_features=256, out_features=512, bias=False)
        (to_v): Linear(in_features=256, out_features=512, bias=False)
        (attend): Attend(
          (attn_dropout): Dropout(p=0.1, inplace=False)
        )
        (to_out): Linear(in_features=512, out_features=256, bias=False)
      )
      (2): Residual()
    )
    (11): ModuleList(
      (0): ModuleList(
        (0): LayerNorm(
          (ln): LayerNorm((256,), eps=1e-05, elementwise_affine=False)
        )
        (1): None
        (2): None
      )
      (1): FeedForward(
        (ff): Sequential(
          (0): Sequential(
            (0): Linear(in_features=256, out_features=1024, bias=True)
            (1): MyGELU()
          )
          (1): Dropout(p=0.0, inplace=False)
          (2): Linear(in_features=1024, out_features=256, bias=True)
        )
      )
      (2): Residual()
    )
  )
  (adaptive_mlp): Identity()
  (final_norm): LayerNorm(
    (ln): LayerNorm((256,), eps=1e-05, elementwise_affine=False)
  )
  (skip_combines): ModuleList(
    (0): None
    (1): None
    (2): None
    (3): None
    (4): None
    (5): None
    (6): None
    (7): None
    (8): None
    (9): None
    (10): None
    (11): None
  )
)
Adam (
Parameter Group 0
    amsgrad: False
    betas: (0.9, 0.999)
    eps: 1e-08
    lr: 0.0001
    weight_decay: 0.0005
)
Epoch 0: train loss 0.8605064330052357, val loss 0.8950898468494415, val accuracy 68.22, train acc 69.262
Epoch 1: train loss 0.834928168326008, val loss 0.8695274025201798, val accuracy 68.96, train acc 70.302
Epoch 2: train loss 0.8236018933203756, val loss 0.8570657551288605, val accuracy 69.23, train acc 70.95
Epoch 3: train loss 0.8199964767816116, val loss 0.8775202393531799, val accuracy 69.08, train acc 70.876
Epoch 4: train loss 0.8181948740871585, val loss 0.8690944641828537, val accuracy 69.54, train acc 70.916
Epoch 5: train loss 0.8121027967759541, val loss 0.871069023013115, val accuracy 69.36, train acc 71.132
Epoch 6: train loss 0.8101733445513005, val loss 0.8666737645864486, val accuracy 69.36, train acc 71.23
Epoch 7: train loss 0.802442555524865, val loss 0.8690858632326126, val accuracy 69.64, train acc 71.296
Epoch 8: train loss 0.7993189029547633, val loss 0.874339434504509, val accuracy 69.5, train acc 71.622
Epoch 9: train loss 0.7995878105260887, val loss 0.8512558460235595, val accuracy 69.62, train acc 71.478
Epoch 10: train loss 0.7927996570966682, val loss 0.8417799144983291, val accuracy 70.4, train acc 71.948
Epoch 11: train loss 0.7900823844330651, val loss 0.8465085089206695, val accuracy 70.55, train acc 71.856
Epoch 12: train loss 0.7895958095180745, val loss 0.824034771323204, val accuracy 70.98, train acc 71.816
Epoch 13: train loss 0.7888242839550486, val loss 0.8620854407548905, val accuracy 69.99, train acc 72.008
Epoch 14: train loss 0.7857171579891321, val loss 0.8379508882761002, val accuracy 70.58, train acc 72.098
Epoch 15: train loss 0.7841018012591771, val loss 0.8612734258174897, val accuracy 69.95, train acc 72.056
Epoch 16: train loss 0.7777954242667373, val loss 0.8219469398260116, val accuracy 70.95, train acc 72.472
Epoch 17: train loss 0.7826616535989606, val loss 0.8369942754507065, val accuracy 70.57, train acc 72.074
Epoch 18: train loss 0.7756487459552531, val loss 0.8452398091554642, val accuracy 70.6, train acc 72.376
Epoch 19: train loss 0.7787796052134767, val loss 0.844118544459343, val accuracy 70.28, train acc 72.094
Epoch 20: train loss 0.7714473976164448, val loss 0.8607495307922364, val accuracy 69.97, train acc 72.42
Epoch 21: train loss 0.7756923592212249, val loss 0.8813746631145477, val accuracy 69.36, train acc 72.452
Epoch 22: train loss 0.7700297698682669, val loss 0.8562789767980575, val accuracy 70.19, train acc 72.562
Epoch 23: train loss 0.7669161606808098, val loss 0.8281367808580399, val accuracy 70.93, train acc 72.662
Epoch 24: train loss 0.7679644719678529, val loss 0.844493955373764, val accuracy 70.49, train acc 72.628
Epoch 25: train loss 0.7668913529843701, val loss 0.8422809720039368, val accuracy 70.74, train acc 72.644
Epoch 26: train loss 0.7667823579846597, val loss 0.8616008996963501, val accuracy 69.73, train acc 72.806
Epoch 27: train loss 0.7672300347868277, val loss 0.8556348025798798, val accuracy 70.16, train acc 72.712
Epoch 28: train loss 0.757540799221214, val loss 0.8465068995952606, val accuracy 70.04, train acc 73.052
Epoch 29: train loss 0.7586896921298942, val loss 0.8371404856443405, val accuracy 70.45, train acc 72.896
Epoch 30: train loss 0.7599708349729071, val loss 0.8396894931793213, val accuracy 70.73, train acc 72.736
Epoch 31: train loss 0.7600930810582881, val loss 0.8519016295671463, val accuracy 70.04, train acc 72.914
Epoch 32: train loss 0.7588504972506542, val loss 0.8313902944326401, val accuracy 71.01, train acc 72.764
Epoch 33: train loss 0.7582325071704631, val loss 0.8459822088479996, val accuracy 70.39, train acc 73.066
Epoch 34: train loss 0.7541222225646583, val loss 0.8228819787502288, val accuracy 71.19, train acc 72.794
Epoch 35: train loss 0.7535223769290107, val loss 0.8370900630950928, val accuracy 70.87, train acc 73.182
Epoch 36: train loss 0.750730254820415, val loss 0.8450585901737213, val accuracy 70.48, train acc 73.25
Epoch 37: train loss 0.7472257565478889, val loss 0.8295126169919967, val accuracy 71.22, train acc 73.354
Epoch 38: train loss 0.7493401020765305, val loss 0.8354165762662887, val accuracy 70.13, train acc 73.262
Epoch 39: train loss 0.7419200934925858, val loss 0.8033212512731552, val accuracy 71.96, train acc 73.422
Epoch 40: train loss 0.7445109480497788, val loss 0.8095828324556351, val accuracy 71.81, train acc 73.184
Epoch 41: train loss 0.7463289082658534, val loss 0.8212111324071885, val accuracy 71.12, train acc 73.49
Epoch 42: train loss 0.7412106510327787, val loss 0.8283181667327881, val accuracy 71.04, train acc 73.502
Epoch 43: train loss 0.7425970027641374, val loss 0.8412863314151764, val accuracy 70.55, train acc 73.452
Epoch 44: train loss 0.7401979212858238, val loss 0.8341099083423614, val accuracy 70.99, train acc 73.536
Epoch 45: train loss 0.7399410222257886, val loss 0.8182062894105911, val accuracy 71.55, train acc 73.41
Epoch 46: train loss 0.737257830342468, val loss 0.8228989988565445, val accuracy 71.44, train acc 73.908
Epoch 47: train loss 0.7370056464355819, val loss 0.8591425061225891, val accuracy 70.25, train acc 73.65
Epoch 48: train loss 0.7295564927008688, val loss 0.8584679961204529, val accuracy 70.34, train acc 74.252
Epoch 49: train loss 0.733982542035531, val loss 0.8455197423696518, val accuracy 70.55, train acc 73.936
